C:\USERS\ADMINISTRATOR\DOCUMENTS\VISUAL STUDIO 2010\PROJECTS\MODEL_LAB3\MODEL_LAB3\DEBUG\.NETFRAMEWORK,VERSION=V4.0.ASSEMBLYATTRIBUTES.OBJ
C:\USERS\ADMINISTRATOR\DOCUMENTS\VISUAL STUDIO 2010\PROJECTS\MODEL_LAB3\MODEL_LAB3\DEBUG\APP.RES
C:\USERS\ADMINISTRATOR\DOCUMENTS\VISUAL STUDIO 2010\PROJECTS\MODEL_LAB3\MODEL_LAB3\DEBUG\ASSEMBLYINFO.OBJ
C:\Users\Administrator\Documents\Visual Studio 2010\Projects\Model_lab3\Model_lab3\Debug\cl.command.1.tlog
C:\Users\Administrator\Documents\Visual Studio 2010\Projects\Model_lab3\Model_lab3\Debug\CL.read.1.tlog
C:\Users\Administrator\Documents\Visual Studio 2010\Projects\Model_lab3\Model_lab3\Debug\CL.write.1.tlog
C:\Users\Administrator\Documents\Visual Studio 2010\Projects\Model_lab3\Model_lab3\Debug\link.6720.read.1.tlog
C:\Users\Administrator\Documents\Visual Studio 2010\Projects\Model_lab3\Model_lab3\Debug\link.6720.write.1.tlog
C:\Users\Administrator\Documents\Visual Studio 2010\Projects\Model_lab3\Model_lab3\Debug\link.command.1.tlog
C:\Users\Administrator\Documents\Visual Studio 2010\Projects\Model_lab3\Model_lab3\Debug\link.read.1.tlog
C:\Users\Administrator\Documents\Visual Studio 2010\Projects\Model_lab3\Model_lab3\Debug\link.write.1.tlog
C:\Users\Administrator\Documents\Visual Studio 2010\Projects\Model_lab3\Model_lab3\Debug\Model_lab3.Form1.resources
C:\USERS\ADMINISTRATOR\DOCUMENTS\VISUAL STUDIO 2010\PROJECTS\MODEL_LAB3\MODEL_LAB3\DEBUG\MODEL_LAB3.OBJ
C:\USERS\ADMINISTRATOR\DOCUMENTS\VISUAL STUDIO 2010\PROJECTS\MODEL_LAB3\MODEL_LAB3\DEBUG\MODEL_LAB3.PCH
C:\Users\Administrator\Documents\Visual Studio 2010\Projects\Model_lab3\Model_lab3\Debug\Model_lab3.vcxproj.GenerateResource.Cache
C:\Users\Administrator\Documents\Visual Studio 2010\Projects\Model_lab3\Model_lab3\Debug\Model_lab3.vcxprojResolveAssemblyReference.cache
C:\Users\Administrator\Documents\Visual Studio 2010\Projects\Model_lab3\Model_lab3\Debug\Model_lab3.write.1.tlog
C:\Users\Administrator\Documents\Visual Studio 2010\Projects\Model_lab3\Model_lab3\Debug\rc.command.1.tlog
C:\Users\Administrator\Documents\Visual Studio 2010\Projects\Model_lab3\Model_lab3\Debug\rc.read.1.tlog
C:\Users\Administrator\Documents\Visual Studio 2010\Projects\Model_lab3\Model_lab3\Debug\rc.write.1.tlog
C:\USERS\ADMINISTRATOR\DOCUMENTS\VISUAL STUDIO 2010\PROJECTS\MODEL_LAB3\MODEL_LAB3\DEBUG\STDAFX.OBJ
C:\USERS\ADMINISTRATOR\DOCUMENTS\VISUAL STUDIO 2010\PROJECTS\MODEL_LAB3\MODEL_LAB3\DEBUG\VC100.PDB
